<?xml version="1.0" encoding="UTF-8"?>
<!-- Generated by org.testng.reporters.JUnitReportReporter -->
<testsuite hostname="M5414133" failures="0" tests="1" name="com.RegressionSuite.TC_01_Validate_Total_Amount" time="15.882" errors="0" timestamp="2023-07-05T11:37:14 IST" skipped="0">
  <testcase classname="com.RegressionSuite.TC_01_Validate_Total_Amount" name="validateHybridTest" time="15.882"/>
</testsuite> <!-- com.RegressionSuite.TC_01_Validate_Total_Amount -->
